[0.000000] (-) TimerEvent: {}
[0.000358] (tbot3_tutorials) JobQueued: {'identifier': 'tbot3_tutorials', 'dependencies': OrderedDict()}
[0.000410] (tbot3_tutorials) JobStarted: {'identifier': 'tbot3_tutorials'}
[0.005045] (tbot3_tutorials) JobProgress: {'identifier': 'tbot3_tutorials', 'progress': 'cmake'}
[0.005505] (tbot3_tutorials) JobProgress: {'identifier': 'tbot3_tutorials', 'progress': 'build'}
[0.005988] (tbot3_tutorials) Command: {'cmd': ['/usr/bin/cmake', '--build', '/turtlebot3_ws/src/turtlebot3_simulations/tbot3_tutorials/build/tbot3_tutorials', '--', '-j20', '-l20'], 'cwd': '/turtlebot3_ws/src/turtlebot3_simulations/tbot3_tutorials/build/tbot3_tutorials', 'env': OrderedDict([('LESSOPEN', '| /usr/bin/lesspipe %s'), ('LIBRARY_PATH', '/usr/local/cuda/lib64/stubs'), ('NV_LIBCUBLAS_VERSION', '12.2.1.16-1'), ('NV_NVPROF_DEV_PACKAGE', 'cuda-nvprof-12-2=12.2.60-1'), ('NV_CUDA_COMPAT_PACKAGE', 'cuda-compat-12-2'), ('NV_CUDA_NSIGHT_COMPUTE_VERSION', '12.2.0-1'), ('HOSTNAME', 'memo'), ('GIT_ASKPASS', '/root/.vscode-server/bin/f1a4fb101478ce6ec82fe9627c43efbf9e98c813/extensions/git/dist/askpass.sh'), ('SHLVL', '2'), ('LD_LIBRARY_PATH', '/opt/ros/humble/opt/rviz_ogre_vendor/lib:/opt/ros/humble/lib/x86_64-linux-gnu:/opt/ros/humble/lib:/usr/local/nvidia/lib:/usr/local/nvidia/lib64:/usr/lib/x86_64-linux-gnu/gazebo-11/plugins::/usr/lib/x86_64-linux-gnu/gazebo-11/plugins:/usr/lib/x86_64-linux-gnu/gazebo-11/plugins:'), ('BROWSER', '/root/.vscode-server/bin/f1a4fb101478ce6ec82fe9627c43efbf9e98c813/bin/helpers/browser.sh'), ('HOME', '/root'), ('OLDPWD', '/turtlebot3_ws/src/turtlebot3_simulations/tbot3_tutorials/src'), ('TERM_PROGRAM_VERSION', '1.95.3'), ('NV_LIBCUBLAS_DEV_VERSION', '12.2.1.16-1'), ('VSCODE_IPC_HOOK_CLI', '/tmp/vscode-ipc-6c086060-e260-4be1-8848-fb7d501169c7.sock'), ('GAZEBO_MASTER_URI', 'http://localhost:11345'), ('ROS_PYTHON_VERSION', '3'), ('VSCODE_GIT_ASKPASS_MAIN', '/root/.vscode-server/bin/f1a4fb101478ce6ec82fe9627c43efbf9e98c813/extensions/git/dist/askpass-main.js'), ('VSCODE_GIT_ASKPASS_NODE', '/root/.vscode-server/bin/f1a4fb101478ce6ec82fe9627c43efbf9e98c813/node'), ('LC_CTYPE', 'C.UTF-8'), ('COLORTERM', 'truecolor'), ('NV_LIBNPP_PACKAGE', 'libnpp-12-2=12.1.1.14-1'), ('REMOTE_CONTAINERS', 'true'), ('CUDA_VERSION', '12.2.0'), ('COLCON_PREFIX_PATH', '/turtlebot3_ws/install'), ('NV_NVPROF_VERSION', '12.2.60-1'), ('ROS_DISTRO', 'humble'), ('REMOTE_CONTAINERS_IPC', '/tmp/vscode-remote-containers-ipc-667bae98-5adb-4ef6-b17c-66fe7b8bb9c9.sock'), ('NV_LIBCUBLAS_PACKAGE_NAME', 'libcublas-12-2'), ('NVIDIA_REQUIRE_CUDA', 'cuda>=12.2 brand=tesla,driver>=470,driver<471 brand=unknown,driver>=470,driver<471 brand=nvidia,driver>=470,driver<471 brand=nvidiartx,driver>=470,driver<471 brand=geforce,driver>=470,driver<471 brand=geforcertx,driver>=470,driver<471 brand=quadro,driver>=470,driver<471 brand=quadrortx,driver>=470,driver<471 brand=titan,driver>=470,driver<471 brand=titanrtx,driver>=470,driver<471 brand=tesla,driver>=525,driver<526 brand=unknown,driver>=525,driver<526 brand=nvidia,driver>=525,driver<526 brand=nvidiartx,driver>=525,driver<526 brand=geforce,driver>=525,driver<526 brand=geforcertx,driver>=525,driver<526 brand=quadro,driver>=525,driver<526 brand=quadrortx,driver>=525,driver<526 brand=titan,driver>=525,driver<526 brand=titanrtx,driver>=525,driver<526'), ('_', '/usr/bin/colcon'), ('ROS_VERSION', '2'), ('NV_LIBCUSPARSE_VERSION', '12.1.1.53-1'), ('NVIDIA_DRIVER_CAPABILITIES', 'all'), ('NV_CUDA_LIB_VERSION', '12.2.0-1'), ('NV_NVML_DEV_VERSION', '12.2.81-1'), ('NV_LIBNPP_DEV_PACKAGE', 'libnpp-dev-12-2=12.1.1.14-1'), ('TERM', 'xterm-256color'), ('GAZEBO_MODEL_PATH', '/usr/share/gazebo-11/models:/usr/share/gazebo-11/models:'), ('NV_CUDA_CUDART_VERSION', '12.2.53-1'), ('ROS_LOCALHOST_ONLY', '0'), ('OGRE_RESOURCE_PATH', '/usr/lib/x86_64-linux-gnu/OGRE-1.9.0'), ('PATH', '/opt/ros/humble/bin:/root/.vscode-server/bin/f1a4fb101478ce6ec82fe9627c43efbf9e98c813/bin/remote-cli:/usr/local/nvidia/bin:/usr/local/cuda/bin:/usr/local/sbin:/usr/local/bin:/usr/sbin:/usr/bin:/sbin:/bin'), ('NV_LIBCUBLAS_DEV_PACKAGE_NAME', 'libcublas-dev-12-2'), ('NV_LIBCUBLAS_PACKAGE', 'libcublas-12-2=12.2.1.16-1'), ('NVARCH', 'x86_64'), ('NV_LIBCUSPARSE_DEV_VERSION', '12.1.1.53-1'), ('REMOTE_CONTAINERS_SOCKETS', '["/tmp/vscode-ssh-auth-667bae98-5adb-4ef6-b17c-66fe7b8bb9c9.sock","/root/.gnupg/S.gpg-agent"]'), ('DISPLAY', ':0'), ('NVIDIA_PRODUCT_NAME', 'CUDA'), ('LANG', 'en_US.UTF-8'), ('NV_CUDA_CUDART_DEV_VERSION', '12.2.53-1'), ('LS_COLORS', 'rs=0:di=01;34:ln=01;36:mh=00:pi=40;33:so=01;35:do=01;35:bd=40;33;01:cd=40;33;01:or=40;31;01:mi=00:su=37;41:sg=30;43:ca=30;41:tw=30;42:ow=34;42:st=37;44:ex=01;32:*.tar=01;31:*.tgz=01;31:*.arc=01;31:*.arj=01;31:*.taz=01;31:*.lha=01;31:*.lz4=01;31:*.lzh=01;31:*.lzma=01;31:*.tlz=01;31:*.txz=01;31:*.tzo=01;31:*.t7z=01;31:*.zip=01;31:*.z=01;31:*.dz=01;31:*.gz=01;31:*.lrz=01;31:*.lz=01;31:*.lzo=01;31:*.xz=01;31:*.zst=01;31:*.tzst=01;31:*.bz2=01;31:*.bz=01;31:*.tbz=01;31:*.tbz2=01;31:*.tz=01;31:*.deb=01;31:*.rpm=01;31:*.jar=01;31:*.war=01;31:*.ear=01;31:*.sar=01;31:*.rar=01;31:*.alz=01;31:*.ace=01;31:*.zoo=01;31:*.cpio=01;31:*.7z=01;31:*.rz=01;31:*.cab=01;31:*.wim=01;31:*.swm=01;31:*.dwm=01;31:*.esd=01;31:*.jpg=01;35:*.jpeg=01;35:*.mjpg=01;35:*.mjpeg=01;35:*.gif=01;35:*.bmp=01;35:*.pbm=01;35:*.pgm=01;35:*.ppm=01;35:*.tga=01;35:*.xbm=01;35:*.xpm=01;35:*.tif=01;35:*.tiff=01;35:*.png=01;35:*.svg=01;35:*.svgz=01;35:*.mng=01;35:*.pcx=01;35:*.mov=01;35:*.mpg=01;35:*.mpeg=01;35:*.m2v=01;35:*.mkv=01;35:*.webm=01;35:*.webp=01;35:*.ogm=01;35:*.mp4=01;35:*.m4v=01;35:*.mp4v=01;35:*.vob=01;35:*.qt=01;35:*.nuv=01;35:*.wmv=01;35:*.asf=01;35:*.rm=01;35:*.rmvb=01;35:*.flc=01;35:*.avi=01;35:*.fli=01;35:*.flv=01;35:*.gl=01;35:*.dl=01;35:*.xcf=01;35:*.xwd=01;35:*.yuv=01;35:*.cgm=01;35:*.emf=01;35:*.ogv=01;35:*.ogx=01;35:*.aac=00;36:*.au=00;36:*.flac=00;36:*.m4a=00;36:*.mid=00;36:*.midi=00;36:*.mka=00;36:*.mp3=00;36:*.mpc=00;36:*.ogg=00;36:*.ra=00;36:*.wav=00;36:*.oga=00;36:*.opus=00;36:*.spx=00;36:*.xspf=00;36:'), ('VSCODE_GIT_IPC_HANDLE', '/tmp/vscode-git-f5c1ebf273.sock'), ('TERM_PROGRAM', 'vscode'), ('SSH_AUTH_SOCK', '/tmp/vscode-ssh-auth-667bae98-5adb-4ef6-b17c-66fe7b8bb9c9.sock'), ('AMENT_PREFIX_PATH', '/turtlebot3_ws/install/turtlebot3_simulations:/turtlebot3_ws/install/turtlebot3_gazebo:/turtlebot3_ws/install/turtlebot3_fake_node:/opt/ros/humble'), ('SHELL', '/bin/bash'), ('NV_LIBCUBLAS_DEV_PACKAGE', 'libcublas-dev-12-2=12.2.1.16-1'), ('NV_CUDA_NSIGHT_COMPUTE_DEV_PACKAGE', 'cuda-nsight-compute-12-2=12.2.0-1'), ('LESSCLOSE', '/usr/bin/lesspipe %s %s'), ('NV_NVTX_VERSION', '12.2.53-1'), ('NV_LIBNPP_VERSION', '12.1.1.14-1'), ('GAZEBO_RESOURCE_PATH', '/usr/share/gazebo-11:/usr/share/gazebo-11:'), ('GAZEBO_MODEL_DATABASE_URI', 'http://models.gazebosim.org'), ('VSCODE_GIT_ASKPASS_EXTRA_ARGS', ''), ('PWD', '/turtlebot3_ws/src/turtlebot3_simulations/tbot3_tutorials/build/tbot3_tutorials'), ('TURTLEBOT3_MODEL', 'waffle'), ('GAZEBO_PLUGIN_PATH', '/usr/lib/x86_64-linux-gnu/gazebo-11/plugins:/usr/lib/x86_64-linux-gnu/gazebo-11/plugins:'), ('PYTHONPATH', '/opt/ros/humble/lib/python3.10/site-packages:/opt/ros/humble/local/lib/python3.10/dist-packages'), ('NVIDIA_VISIBLE_DEVICES', 'all'), ('COLCON', '1'), ('NV_LIBNPP_DEV_VERSION', '12.1.1.14-1'), ('CMAKE_PREFIX_PATH', '/turtlebot3_ws/install/turtlebot3_simulations:/turtlebot3_ws/install/turtlebot3_gazebo:/turtlebot3_ws/install/turtlebot3_fake_node')]), 'shell': False}
[0.023172] (tbot3_tutorials) StdoutLine: {'line': b'-- Found ament_cmake: 1.3.10 (/opt/ros/humble/share/ament_cmake/cmake)\n'}
[0.094268] (tbot3_tutorials) StdoutLine: {'line': b'-- Found rclcpp: 16.0.10 (/opt/ros/humble/share/rclcpp/cmake)\n'}
[0.099877] (-) TimerEvent: {}
[0.110549] (tbot3_tutorials) StdoutLine: {'line': b'-- Found rosidl_generator_c: 3.1.5 (/opt/ros/humble/share/rosidl_generator_c/cmake)\n'}
[0.111822] (tbot3_tutorials) StdoutLine: {'line': b'-- Found rosidl_adapter: 3.1.5 (/opt/ros/humble/share/rosidl_adapter/cmake)\n'}
[0.114990] (tbot3_tutorials) StdoutLine: {'line': b'-- Found rosidl_generator_cpp: 3.1.5 (/opt/ros/humble/share/rosidl_generator_cpp/cmake)\n'}
[0.120152] (tbot3_tutorials) StdoutLine: {'line': b'-- Using all available rosidl_typesupport_c: rosidl_typesupport_fastrtps_c;rosidl_typesupport_introspection_c\n'}
[0.126755] (tbot3_tutorials) StdoutLine: {'line': b'-- Using all available rosidl_typesupport_cpp: rosidl_typesupport_fastrtps_cpp;rosidl_typesupport_introspection_cpp\n'}
[0.144308] (tbot3_tutorials) StdoutLine: {'line': b'-- Found rmw_implementation_cmake: 6.1.2 (/opt/ros/humble/share/rmw_implementation_cmake/cmake)\n'}
[0.145131] (tbot3_tutorials) StdoutLine: {'line': b'-- Found rmw_fastrtps_cpp: 6.2.7 (/opt/ros/humble/share/rmw_fastrtps_cpp/cmake)\n'}
[0.199977] (-) TimerEvent: {}
[0.222960] (tbot3_tutorials) StdoutLine: {'line': b"-- Using RMW implementation 'rmw_fastrtps_cpp' as default\n"}
[0.252717] (tbot3_tutorials) StdoutLine: {'line': b'-- Found sensor_msgs: 4.2.4 (/opt/ros/humble/share/sensor_msgs/cmake)\n'}
[0.268525] (tbot3_tutorials) StdoutLine: {'line': b'-- Found tf2: 0.25.8 (/opt/ros/humble/share/tf2/cmake)\n'}
[0.274397] (tbot3_tutorials) StderrLine: {'line': b'\x1b[33mCMake Warning (dev) at /usr/share/cmake-3.22/Modules/FindPackageHandleStandardArgs.cmake:438 (message):\n'}
[0.274595] (tbot3_tutorials) StderrLine: {'line': b'  The package name passed to `find_package_handle_standard_args` (PkgConfig)\n'}
[0.274676] (tbot3_tutorials) StderrLine: {'line': b'  does not match the name of the calling package (gazebo).  This can lead to\n'}
[0.274745] (tbot3_tutorials) StderrLine: {'line': b'  problems in calling code that expects `find_package` result variables\n'}
[0.274810] (tbot3_tutorials) StderrLine: {'line': b'  (e.g., `_FOUND`) to follow a certain pattern.\n'}
[0.274875] (tbot3_tutorials) StderrLine: {'line': b'Call Stack (most recent call first):\n'}
[0.274935] (tbot3_tutorials) StderrLine: {'line': b'  /usr/share/cmake-3.22/Modules/FindPkgConfig.cmake:99 (find_package_handle_standard_args)\n'}
[0.274995] (tbot3_tutorials) StderrLine: {'line': b'  /usr/lib/x86_64-linux-gnu/cmake/gazebo/gazebo-config.cmake:72 (include)\n'}
[0.275055] (tbot3_tutorials) StderrLine: {'line': b'  CMakeLists.txt:13 (find_package)\n'}
[0.275114] (tbot3_tutorials) StderrLine: {'line': b'This warning is for project developers.  Use -Wno-dev to suppress it.\n'}
[0.275174] (tbot3_tutorials) StderrLine: {'line': b'\x1b[0m\n'}
[0.289347] (tbot3_tutorials) StdoutLine: {'line': b'-- Found DART: /usr/include (Required is at least version "6.6") found components: dart \n'}
[0.300068] (-) TimerEvent: {}
[0.305324] (tbot3_tutorials) StdoutLine: {'line': b'-- Found Protobuf: /usr/lib/x86_64-linux-gnu/libprotobuf.so (found version "3.12.4") \n'}
[0.306508] (tbot3_tutorials) StdoutLine: {'line': b'-- Looking for ignition-math6 -- found version 6.15.1\n'}
[0.309457] (tbot3_tutorials) StdoutLine: {'line': b'-- Searching for dependencies of ignition-math6\n'}
[0.310249] (tbot3_tutorials) StdoutLine: {'line': b'-- Looking for OGRE...\n'}
[0.314444] (tbot3_tutorials) StdoutLine: {'line': b'-- Found Ogre Ghadamon (1.9.0)\n'}
[0.314595] (tbot3_tutorials) StdoutLine: {'line': b'-- Found OGRE: optimized;/usr/lib/x86_64-linux-gnu/libOgreMain.so;debug;/usr/lib/x86_64-linux-gnu/libOgreMain.so\n'}
[0.320630] (tbot3_tutorials) StdoutLine: {'line': b'-- Looking for OGRE_Paging...\n'}
[0.320765] (tbot3_tutorials) StdoutLine: {'line': b'-- Found OGRE_Paging: optimized;/usr/lib/x86_64-linux-gnu/libOgrePaging.so;debug;/usr/lib/x86_64-linux-gnu/libOgrePaging.so\n'}
[0.320851] (tbot3_tutorials) StdoutLine: {'line': b'-- Looking for OGRE_Terrain...\n'}
[0.320946] (tbot3_tutorials) StdoutLine: {'line': b'-- Found OGRE_Terrain: optimized;/usr/lib/x86_64-linux-gnu/libOgreTerrain.so;debug;/usr/lib/x86_64-linux-gnu/libOgreTerrain.so\n'}
[0.321019] (tbot3_tutorials) StdoutLine: {'line': b'-- Looking for OGRE_Property...\n'}
[0.321078] (tbot3_tutorials) StdoutLine: {'line': b'-- Found OGRE_Property: optimized;/usr/lib/x86_64-linux-gnu/libOgreProperty.so;debug;/usr/lib/x86_64-linux-gnu/libOgreProperty.so\n'}
[0.321138] (tbot3_tutorials) StdoutLine: {'line': b'-- Looking for OGRE_RTShaderSystem...\n'}
[0.321196] (tbot3_tutorials) StdoutLine: {'line': b'-- Found OGRE_RTShaderSystem: optimized;/usr/lib/x86_64-linux-gnu/libOgreRTShaderSystem.so;debug;/usr/lib/x86_64-linux-gnu/libOgreRTShaderSystem.so\n'}
[0.321264] (tbot3_tutorials) StdoutLine: {'line': b'-- Looking for OGRE_Volume...\n'}
[0.321322] (tbot3_tutorials) StdoutLine: {'line': b'-- Found OGRE_Volume: optimized;/usr/lib/x86_64-linux-gnu/libOgreVolume.so;debug;/usr/lib/x86_64-linux-gnu/libOgreVolume.so\n'}
[0.321386] (tbot3_tutorials) StdoutLine: {'line': b'-- Looking for OGRE_Overlay...\n'}
[0.321450] (tbot3_tutorials) StdoutLine: {'line': b'-- Found OGRE_Overlay: optimized;/usr/lib/x86_64-linux-gnu/libOgreOverlay.so;debug;/usr/lib/x86_64-linux-gnu/libOgreOverlay.so\n'}
[0.364765] (tbot3_tutorials) StdoutLine: {'line': b'-- Looking for ignition-math6 -- found version 6.15.1\n'}
[0.364951] (tbot3_tutorials) StdoutLine: {'line': b'-- Looking for ignition-transport8 -- found version 8.2.1\n'}
[0.365181] (tbot3_tutorials) StdoutLine: {'line': b'-- Searching for dependencies of ignition-transport8\n'}
[0.378637] (tbot3_tutorials) StdoutLine: {'line': b'-- Found Protobuf: /usr/lib/x86_64-linux-gnu/libprotobuf.so (found suitable version "3.12.4", minimum required is "3") \n'}
[0.387574] (tbot3_tutorials) StdoutLine: {'line': b'-- Config-file not installed for ZeroMQ -- checking for pkg-config\n'}
[0.391143] (tbot3_tutorials) StdoutLine: {'line': b"-- Checking for module 'libzmq >= 4'\n"}
[0.400202] (-) TimerEvent: {}
[0.407769] (tbot3_tutorials) StdoutLine: {'line': b'--   Found libzmq , version 4.3.4\n'}
[0.453113] (tbot3_tutorials) StdoutLine: {'line': b"-- Checking for module 'uuid'\n"}
[0.460559] (tbot3_tutorials) StdoutLine: {'line': b'--   Found uuid, version 2.37.2\n'}
[0.481635] (tbot3_tutorials) StdoutLine: {'line': b'-- Looking for ignition-msgs5 -- found version 5.8.1\n'}
[0.481853] (tbot3_tutorials) StdoutLine: {'line': b'-- Searching for dependencies of ignition-msgs5\n'}
[0.496860] (tbot3_tutorials) StdoutLine: {'line': b'-- Looking for ignition-math6 -- found version 6.15.1\n'}
[0.500156] (tbot3_tutorials) StdoutLine: {'line': b"-- Checking for module 'tinyxml2'\n"}
[0.500204] (-) TimerEvent: {}
[0.508999] (tbot3_tutorials) StdoutLine: {'line': b'--   Found tinyxml2, version 9.0.0\n'}
[0.543108] (tbot3_tutorials) StdoutLine: {'line': b'-- Looking for ignition-msgs5 -- found version 5.8.1\n'}
[0.543459] (tbot3_tutorials) StdoutLine: {'line': b'-- Looking for ignition-common3 -- found version 3.14.0\n'}
[0.544069] (tbot3_tutorials) StdoutLine: {'line': b'-- Searching for dependencies of ignition-common3\n'}
[0.544214] (tbot3_tutorials) StdoutLine: {'line': b'-- Looking for dlfcn.h - found\n'}
[0.544252] (tbot3_tutorials) StdoutLine: {'line': b'-- Looking for libdl - found\n'}
[0.552184] (tbot3_tutorials) StdoutLine: {'line': b'-- Searching for <ignition-common3> component [graphics]\n'}
[0.552357] (tbot3_tutorials) StdoutLine: {'line': b'-- Looking for ignition-common3-graphics -- found version 3.14.0\n'}
[0.552684] (tbot3_tutorials) StdoutLine: {'line': b'-- Searching for dependencies of ignition-common3-graphics\n'}
[0.552883] (tbot3_tutorials) StdoutLine: {'line': b'-- Looking for ignition-math6 -- found version 6.15.1\n'}
[0.553445] (tbot3_tutorials) StdoutLine: {'line': b'-- Looking for ignition-fuel_tools4 -- found version 4.4.0\n'}
[0.553660] (tbot3_tutorials) StdoutLine: {'line': b'-- Searching for dependencies of ignition-fuel_tools4\n'}
[0.583312] (tbot3_tutorials) StdoutLine: {'line': b"-- Checking for module 'jsoncpp'\n"}
[0.596844] (tbot3_tutorials) StdoutLine: {'line': b'--   Found jsoncpp, version 1.9.5\n'}
[0.600341] (-) TimerEvent: {}
[0.649238] (tbot3_tutorials) StdoutLine: {'line': b"-- Checking for module 'libzip'\n"}
[0.660291] (tbot3_tutorials) StdoutLine: {'line': b'--   Found libzip, version 1.7.3\n'}
[0.700487] (-) TimerEvent: {}
[0.709462] (tbot3_tutorials) StdoutLine: {'line': b'-- Looking for ignition-common3 -- found version 3.14.0\n'}
[0.710022] (tbot3_tutorials) StdoutLine: {'line': b'-- Looking for ignition-math6 -- found version 6.15.1\n'}
[0.710657] (tbot3_tutorials) StdoutLine: {'line': b'-- Looking for ignition-msgs5 -- found version 5.8.1\n'}
[0.712767] (tbot3_tutorials) StdoutLine: {'line': b'-- Found gazebo_ros_pkgs: 3.7.0 (/opt/ros/humble/share/gazebo_ros_pkgs/cmake)\n'}
[0.713200] (tbot3_tutorials) StdoutLine: {'line': b'-- Found nav_msgs: 4.2.4 (/opt/ros/humble/share/nav_msgs/cmake)\n'}
[0.727612] (tbot3_tutorials) StdoutLine: {'line': b'-- Found tf2_msgs: 0.25.8 (/opt/ros/humble/share/tf2_msgs/cmake)\n'}
[0.749556] (tbot3_tutorials) StdoutLine: {'line': b'-- Found turtlebot3_msgs: 2.2.3 (/opt/ros/humble/share/turtlebot3_msgs/cmake)\n'}
[0.757880] (tbot3_tutorials) StdoutLine: {'line': b'-- Found ament_lint_auto: 0.12.11 (/opt/ros/humble/share/ament_lint_auto/cmake)\n'}
[0.790403] (tbot3_tutorials) StderrLine: {'line': b"Error parsing '/turtlebot3_ws/src/turtlebot3_simulations/tbot3_tutorials/package.xml':\n"}
[0.790516] (tbot3_tutorials) StderrLine: {'line': b'Traceback (most recent call last):\n'}
[0.790548] (tbot3_tutorials) StderrLine: {'line': b'  File "/opt/ros/humble/share/ament_cmake_core/cmake/core/package_xml_2_cmake.py", line 150, in <module>\n'}
[0.790577] (tbot3_tutorials) StderrLine: {'line': b'    main()\n'}
[0.790606] (tbot3_tutorials) StderrLine: {'line': b'  File "/opt/ros/humble/share/ament_cmake_core/cmake/core/package_xml_2_cmake.py", line 53, in main\n'}
[0.790631] (tbot3_tutorials) StderrLine: {'line': b'    raise e\n'}
[0.790654] (tbot3_tutorials) StderrLine: {'line': b'  File "/opt/ros/humble/share/ament_cmake_core/cmake/core/package_xml_2_cmake.py", line 49, in main\n'}
[0.790677] (tbot3_tutorials) StderrLine: {'line': b'    package = parse_package_string(\n'}
[0.790700] (tbot3_tutorials) StderrLine: {'line': b'  File "/usr/lib/python3/dist-packages/catkin_pkg/package.py", line 786, in parse_package_string\n'}
[0.790723] (tbot3_tutorials) StderrLine: {'line': b"    raise InvalidPackage('Error(s):%s' % (''.join(['\\n- %s' % e for e in errors])), filename)\n"}
[0.790746] (tbot3_tutorials) StderrLine: {'line': b"catkin_pkg.package.InvalidPackage: Error(s) in package '/turtlebot3_ws/src/turtlebot3_simulations/tbot3_tutorials/package.xml':\n"}
[0.790768] (tbot3_tutorials) StderrLine: {'line': b'Error(s):\n'}
[0.790790] (tbot3_tutorials) StderrLine: {'line': b"- The generic dependency on 'rclcpp' is redundant with: build_depend, exec_depend\n"}
[0.795278] (tbot3_tutorials) StderrLine: {'line': b'\x1b[31mCMake Error at /opt/ros/humble/share/ament_cmake_core/cmake/core/ament_package_xml.cmake:95 (message):\n'}
[0.795408] (tbot3_tutorials) StderrLine: {'line': b'  execute_process(/usr/bin/python3\n'}
[0.795440] (tbot3_tutorials) StderrLine: {'line': b'  /opt/ros/humble/share/ament_cmake_core/cmake/core/package_xml_2_cmake.py\n'}
[0.795465] (tbot3_tutorials) StderrLine: {'line': b'  /turtlebot3_ws/src/turtlebot3_simulations/tbot3_tutorials/package.xml\n'}
[0.795490] (tbot3_tutorials) StderrLine: {'line': b'  /turtlebot3_ws/src/turtlebot3_simulations/tbot3_tutorials/build/tbot3_tutorials/ament_cmake_core/package.cmake)\n'}
[0.795514] (tbot3_tutorials) StderrLine: {'line': b'  returned error code 1\n'}
[0.795537] (tbot3_tutorials) StderrLine: {'line': b'Call Stack (most recent call first):\n'}
[0.795559] (tbot3_tutorials) StderrLine: {'line': b'  /opt/ros/humble/share/ament_cmake_core/cmake/core/ament_package_xml.cmake:49 (_ament_package_xml)\n'}
[0.795581] (tbot3_tutorials) StderrLine: {'line': b'  /opt/ros/humble/share/ament_lint_auto/cmake/ament_lint_auto_find_test_dependencies.cmake:31 (ament_package_xml)\n'}
[0.795604] (tbot3_tutorials) StderrLine: {'line': b'  CMakeLists.txt:29 (ament_lint_auto_find_test_dependencies)\n'}
[0.795628] (tbot3_tutorials) StderrLine: {'line': b'\n'}
[0.795650] (tbot3_tutorials) StderrLine: {'line': b'\x1b[0m\n'}
[0.795673] (tbot3_tutorials) StdoutLine: {'line': b'-- Configuring incomplete, errors occurred!\n'}
[0.795701] (tbot3_tutorials) StdoutLine: {'line': b'See also "/turtlebot3_ws/src/turtlebot3_simulations/tbot3_tutorials/build/tbot3_tutorials/CMakeFiles/CMakeOutput.log".\n'}
[0.800530] (-) TimerEvent: {}
[0.802204] (tbot3_tutorials) StderrLine: {'line': b'gmake: *** [Makefile:226: cmake_check_build_system] Error 1\n'}
[0.803558] (tbot3_tutorials) CommandEnded: {'returncode': 2}
[0.803763] (tbot3_tutorials) JobEnded: {'identifier': 'tbot3_tutorials', 'rc': 2}
[0.813984] (-) EventReactorShutdown: {}
