[0.007s] Invoking command in '/turtlebot3_ws/src/turtlebot3_simulations/tbot3_tutorials/build/tbot3_tutorials': /usr/bin/cmake --build /turtlebot3_ws/src/turtlebot3_simulations/tbot3_tutorials/build/tbot3_tutorials -- -j20 -l20
[0.023s] -- Found ament_cmake: 1.3.10 (/opt/ros/humble/share/ament_cmake/cmake)
[0.094s] -- Found rclcpp: 16.0.10 (/opt/ros/humble/share/rclcpp/cmake)
[0.110s] -- Found rosidl_generator_c: 3.1.5 (/opt/ros/humble/share/rosidl_generator_c/cmake)
[0.111s] -- Found rosidl_adapter: 3.1.5 (/opt/ros/humble/share/rosidl_adapter/cmake)
[0.115s] -- Found rosidl_generator_cpp: 3.1.5 (/opt/ros/humble/share/rosidl_generator_cpp/cmake)
[0.120s] -- Using all available rosidl_typesupport_c: rosidl_typesupport_fastrtps_c;rosidl_typesupport_introspection_c
[0.126s] -- Using all available rosidl_typesupport_cpp: rosidl_typesupport_fastrtps_cpp;rosidl_typesupport_introspection_cpp
[0.144s] -- Found rmw_implementation_cmake: 6.1.2 (/opt/ros/humble/share/rmw_implementation_cmake/cmake)
[0.145s] -- Found rmw_fastrtps_cpp: 6.2.7 (/opt/ros/humble/share/rmw_fastrtps_cpp/cmake)
[0.223s] -- Using RMW implementation 'rmw_fastrtps_cpp' as default
[0.252s] -- Found sensor_msgs: 4.2.4 (/opt/ros/humble/share/sensor_msgs/cmake)
[0.268s] -- Found tf2: 0.25.8 (/opt/ros/humble/share/tf2/cmake)
[0.274s] [33mCMake Warning (dev) at /usr/share/cmake-3.22/Modules/FindPackageHandleStandardArgs.cmake:438 (message):
[0.274s]   The package name passed to `find_package_handle_standard_args` (PkgConfig)
[0.274s]   does not match the name of the calling package (gazebo).  This can lead to
[0.274s]   problems in calling code that expects `find_package` result variables
[0.274s]   (e.g., `_FOUND`) to follow a certain pattern.
[0.274s] Call Stack (most recent call first):
[0.275s]   /usr/share/cmake-3.22/Modules/FindPkgConfig.cmake:99 (find_package_handle_standard_args)
[0.275s]   /usr/lib/x86_64-linux-gnu/cmake/gazebo/gazebo-config.cmake:72 (include)
[0.275s]   CMakeLists.txt:13 (find_package)
[0.275s] This warning is for project developers.  Use -Wno-dev to suppress it.
[0.275s] [0m
[0.289s] -- Found DART: /usr/include (Required is at least version "6.6") found components: dart 
[0.305s] -- Found Protobuf: /usr/lib/x86_64-linux-gnu/libprotobuf.so (found version "3.12.4") 
[0.306s] -- Looking for ignition-math6 -- found version 6.15.1
[0.309s] -- Searching for dependencies of ignition-math6
[0.310s] -- Looking for OGRE...
[0.314s] -- Found Ogre Ghadamon (1.9.0)
[0.314s] -- Found OGRE: optimized;/usr/lib/x86_64-linux-gnu/libOgreMain.so;debug;/usr/lib/x86_64-linux-gnu/libOgreMain.so
[0.320s] -- Looking for OGRE_Paging...
[0.320s] -- Found OGRE_Paging: optimized;/usr/lib/x86_64-linux-gnu/libOgrePaging.so;debug;/usr/lib/x86_64-linux-gnu/libOgrePaging.so
[0.320s] -- Looking for OGRE_Terrain...
[0.321s] -- Found OGRE_Terrain: optimized;/usr/lib/x86_64-linux-gnu/libOgreTerrain.so;debug;/usr/lib/x86_64-linux-gnu/libOgreTerrain.so
[0.321s] -- Looking for OGRE_Property...
[0.321s] -- Found OGRE_Property: optimized;/usr/lib/x86_64-linux-gnu/libOgreProperty.so;debug;/usr/lib/x86_64-linux-gnu/libOgreProperty.so
[0.321s] -- Looking for OGRE_RTShaderSystem...
[0.321s] -- Found OGRE_RTShaderSystem: optimized;/usr/lib/x86_64-linux-gnu/libOgreRTShaderSystem.so;debug;/usr/lib/x86_64-linux-gnu/libOgreRTShaderSystem.so
[0.321s] -- Looking for OGRE_Volume...
[0.321s] -- Found OGRE_Volume: optimized;/usr/lib/x86_64-linux-gnu/libOgreVolume.so;debug;/usr/lib/x86_64-linux-gnu/libOgreVolume.so
[0.321s] -- Looking for OGRE_Overlay...
[0.321s] -- Found OGRE_Overlay: optimized;/usr/lib/x86_64-linux-gnu/libOgreOverlay.so;debug;/usr/lib/x86_64-linux-gnu/libOgreOverlay.so
[0.364s] -- Looking for ignition-math6 -- found version 6.15.1
[0.365s] -- Looking for ignition-transport8 -- found version 8.2.1
[0.365s] -- Searching for dependencies of ignition-transport8
[0.378s] -- Found Protobuf: /usr/lib/x86_64-linux-gnu/libprotobuf.so (found suitable version "3.12.4", minimum required is "3") 
[0.387s] -- Config-file not installed for ZeroMQ -- checking for pkg-config
[0.391s] -- Checking for module 'libzmq >= 4'
[0.408s] --   Found libzmq , version 4.3.4
[0.453s] -- Checking for module 'uuid'
[0.460s] --   Found uuid, version 2.37.2
[0.481s] -- Looking for ignition-msgs5 -- found version 5.8.1
[0.481s] -- Searching for dependencies of ignition-msgs5
[0.496s] -- Looking for ignition-math6 -- found version 6.15.1
[0.500s] -- Checking for module 'tinyxml2'
[0.509s] --   Found tinyxml2, version 9.0.0
[0.543s] -- Looking for ignition-msgs5 -- found version 5.8.1
[0.543s] -- Looking for ignition-common3 -- found version 3.14.0
[0.544s] -- Searching for dependencies of ignition-common3
[0.544s] -- Looking for dlfcn.h - found
[0.544s] -- Looking for libdl - found
[0.552s] -- Searching for <ignition-common3> component [graphics]
[0.552s] -- Looking for ignition-common3-graphics -- found version 3.14.0
[0.552s] -- Searching for dependencies of ignition-common3-graphics
[0.552s] -- Looking for ignition-math6 -- found version 6.15.1
[0.553s] -- Looking for ignition-fuel_tools4 -- found version 4.4.0
[0.553s] -- Searching for dependencies of ignition-fuel_tools4
[0.583s] -- Checking for module 'jsoncpp'
[0.597s] --   Found jsoncpp, version 1.9.5
[0.649s] -- Checking for module 'libzip'
[0.660s] --   Found libzip, version 1.7.3
[0.709s] -- Looking for ignition-common3 -- found version 3.14.0
[0.710s] -- Looking for ignition-math6 -- found version 6.15.1
[0.710s] -- Looking for ignition-msgs5 -- found version 5.8.1
[0.712s] -- Found gazebo_ros_pkgs: 3.7.0 (/opt/ros/humble/share/gazebo_ros_pkgs/cmake)
[0.713s] -- Found nav_msgs: 4.2.4 (/opt/ros/humble/share/nav_msgs/cmake)
[0.727s] -- Found tf2_msgs: 0.25.8 (/opt/ros/humble/share/tf2_msgs/cmake)
[0.749s] -- Found turtlebot3_msgs: 2.2.3 (/opt/ros/humble/share/turtlebot3_msgs/cmake)
[0.757s] -- Found ament_lint_auto: 0.12.11 (/opt/ros/humble/share/ament_lint_auto/cmake)
[0.790s] Error parsing '/turtlebot3_ws/src/turtlebot3_simulations/tbot3_tutorials/package.xml':
[0.790s] Traceback (most recent call last):
[0.790s]   File "/opt/ros/humble/share/ament_cmake_core/cmake/core/package_xml_2_cmake.py", line 150, in <module>
[0.790s]     main()
[0.790s]   File "/opt/ros/humble/share/ament_cmake_core/cmake/core/package_xml_2_cmake.py", line 53, in main
[0.790s]     raise e
[0.790s]   File "/opt/ros/humble/share/ament_cmake_core/cmake/core/package_xml_2_cmake.py", line 49, in main
[0.790s]     package = parse_package_string(
[0.790s]   File "/usr/lib/python3/dist-packages/catkin_pkg/package.py", line 786, in parse_package_string
[0.790s]     raise InvalidPackage('Error(s):%s' % (''.join(['\n- %s' % e for e in errors])), filename)
[0.790s] catkin_pkg.package.InvalidPackage: Error(s) in package '/turtlebot3_ws/src/turtlebot3_simulations/tbot3_tutorials/package.xml':
[0.790s] Error(s):
[0.790s] - The generic dependency on 'rclcpp' is redundant with: build_depend, exec_depend
[0.795s] [31mCMake Error at /opt/ros/humble/share/ament_cmake_core/cmake/core/ament_package_xml.cmake:95 (message):
[0.795s]   execute_process(/usr/bin/python3
[0.795s]   /opt/ros/humble/share/ament_cmake_core/cmake/core/package_xml_2_cmake.py
[0.795s]   /turtlebot3_ws/src/turtlebot3_simulations/tbot3_tutorials/package.xml
[0.795s]   /turtlebot3_ws/src/turtlebot3_simulations/tbot3_tutorials/build/tbot3_tutorials/ament_cmake_core/package.cmake)
[0.795s]   returned error code 1
[0.795s] Call Stack (most recent call first):
[0.795s]   /opt/ros/humble/share/ament_cmake_core/cmake/core/ament_package_xml.cmake:49 (_ament_package_xml)
[0.795s]   /opt/ros/humble/share/ament_lint_auto/cmake/ament_lint_auto_find_test_dependencies.cmake:31 (ament_package_xml)
[0.795s]   CMakeLists.txt:29 (ament_lint_auto_find_test_dependencies)
[0.795s] 
[0.795s] [0m
[0.795s] -- Configuring incomplete, errors occurred!
[0.795s] See also "/turtlebot3_ws/src/turtlebot3_simulations/tbot3_tutorials/build/tbot3_tutorials/CMakeFiles/CMakeOutput.log".
[0.802s] gmake: *** [Makefile:226: cmake_check_build_system] Error 1
[0.803s] Invoked command in '/turtlebot3_ws/src/turtlebot3_simulations/tbot3_tutorials/build/tbot3_tutorials' returned '2': /usr/bin/cmake --build /turtlebot3_ws/src/turtlebot3_simulations/tbot3_tutorials/build/tbot3_tutorials -- -j20 -l20
